<?xml version="1.0" encoding="UTF-8"?>
<!-- Generated by org.testng.reporters.JUnitXMLReporter -->
<testsuite hostname="XP0061799" name="xtselenium" tests="2" failures="2" timestamp="6 Dec 2017 03:21:50 GMT" time="0.679" errors="0">
  <testcase name="login_test" time="0.085" classname="pages.qq_Email">
    <failure type="java.lang.NullPointerException">
      <![CDATA[java.lang.NullPointerException
	at pages.qq_Email.login_test(qq_Email.java:27)
... Removed 23 stack frames]]>
    </failure>
  </testcase> <!-- login_test -->
  <testcase name="login_test" time="0.014" classname="pages.qq_Email">
    <failure type="java.lang.NullPointerException">
      <![CDATA[java.lang.NullPointerException
	at pages.qq_Email.login_test(qq_Email.java:27)
... Removed 23 stack frames]]>
    </failure>
  </testcase> <!-- login_test -->
</testsuite> <!-- xtselenium -->
